<?xml version="1.0" encoding="utf-8"?>
<coverage line-rate="0.0646" branch-rate="0.1875" version="1.9" timestamp="1773887194" lines-covered="154" lines-valid="2383" branches-covered="15" branches-valid="80">
  <sources>
    <source>D:\Thực tập SPRING 2026\TaskManager\TaskManagent.Domain TT1\</source>
  </sources>
  <packages>
    <package name="TaskManagent.Domain TT1" line-rate="0" branch-rate="0" complexity="28">
      <classes>
        <class name="Program" filename="TaskManagent.Domain TT1\Program.cs" line-rate="0" branch-rate="0" complexity="2">
          <methods>
            <method name="&lt;Main&gt;$" signature="(System.String[])" line-rate="0" branch-rate="0" complexity="2">
              <lines>
                <line number="4" hits="0" branch="False" />
                <line number="5" hits="0" branch="False" />
                <line number="7" hits="0" branch="False" />
                <line number="8" hits="0" branch="False" />
                <line number="10" hits="0" branch="False" />
                <line number="11" hits="0" branch="False" />
                <line number="13" hits="0" branch="False" />
                <line number="14" hits="0" branch="False" />
                <line number="16" hits="0" branch="False" />
                <line number="17" hits="0" branch="True" condition-coverage="0% (0/2)">
                  <conditions>
                    <condition number="210" type="jump" coverage="0%" />
                  </conditions>
                </line>
                <line number="18" hits="0" branch="False" />
                <line number="19" hits="0" branch="False" />
                <line number="20" hits="0" branch="False" />
              </lines>
            </method>
          </methods>
          <lines>
            <line number="4" hits="0" branch="False" />
            <line number="5" hits="0" branch="False" />
            <line number="7" hits="0" branch="False" />
            <line number="8" hits="0" branch="False" />
            <line number="10" hits="0" branch="False" />
            <line number="11" hits="0" branch="False" />
            <line number="13" hits="0" branch="False" />
            <line number="14" hits="0" branch="False" />
            <line number="16" hits="0" branch="False" />
            <line number="17" hits="0" branch="True" condition-coverage="0% (0/2)">
              <conditions>
                <condition number="210" type="jump" coverage="0%" />
              </conditions>
            </line>
            <line number="18" hits="0" branch="False" />
            <line number="19" hits="0" branch="False" />
            <line number="20" hits="0" branch="False" />
          </lines>
        </class>
        <class name="TaskManagent.Domain_TT1.Entities.Project_Entity" filename="TaskManagent.Domain TT1\Entities\Project Entity.cs" line-rate="0" branch-rate="1" complexity="3">
          <methods>
            <method name="get_Id" signature="()" line-rate="0" branch-rate="1" complexity="1">
              <lines>
                <line number="11" hits="0" branch="False" />
              </lines>
            </method>
            <method name="get_Name" signature="()" line-rate="0" branch-rate="1" complexity="1">
              <lines>
                <line number="12" hits="0" branch="False" />
              </lines>
            </method>
            <method name="get_Tasks" signature="()" line-rate="0" branch-rate="1" complexity="1">
              <lines>
                <line number="13" hits="0" branch="False" />
              </lines>
            </method>
          </methods>
          <lines>
            <line number="11" hits="0" branch="False" />
            <line number="12" hits="0" branch="False" />
            <line number="13" hits="0" branch="False" />
          </lines>
        </class>
        <class name="TaskManagent.Domain_TT1.Entities.Project" filename="TaskManagent.Domain TT1\Entities\Project.cs" line-rate="0" branch-rate="0" complexity="9">
          <methods>
            <method name="get_Id" signature="()" line-rate="0" branch-rate="1" complexity="1">
              <lines>
                <line number="11" hits="0" branch="False" />
              </lines>
            </method>
            <method name="get_Name" signature="()" line-rate="0" branch-rate="1" complexity="1">
              <lines>
                <line number="12" hits="0" branch="False" />
              </lines>
            </method>
            <method name="get_Tasks" signature="()" line-rate="0" branch-rate="1" complexity="1">
              <lines>
                <line number="15" hits="0" branch="False" />
              </lines>
            </method>
            <method name="AddTask" signature="(TaskManagent.Domain_TT1.Entities.TaskItem)" line-rate="0" branch-rate="0" complexity="2">
              <lines>
                <line number="30" hits="0" branch="False" />
                <line number="31" hits="0" branch="True" condition-coverage="0% (0/2)">
                  <conditions>
                    <condition number="7" type="jump" coverage="0%" />
                  </conditions>
                </line>
                <line number="32" hits="0" branch="False" />
                <line number="33" hits="0" branch="False" />
                <line number="35" hits="0" branch="False" />
                <line number="36" hits="0" branch="False" />
              </lines>
            </method>
            <method name="GetTaskById" signature="(System.Guid)" line-rate="0" branch-rate="0" complexity="2">
              <lines>
                <line number="39" hits="0" branch="False" />
                <line number="40" hits="0" branch="False" />
                <line number="41" hits="0" branch="True" condition-coverage="0% (0/2)">
                  <conditions>
                    <condition number="44" type="jump" coverage="0%" />
                  </conditions>
                </line>
                <line number="42" hits="0" branch="False" />
                <line number="43" hits="0" branch="False" />
                <line number="45" hits="0" branch="False" />
                <line number="46" hits="0" branch="False" />
              </lines>
            </method>
            <method name=".ctor" signature="(System.String)" line-rate="0" branch-rate="0" complexity="2">
              <lines>
                <line number="17" hits="0" branch="False" />
                <line number="18" hits="0" branch="False" />
                <line number="19" hits="0" branch="True" condition-coverage="0% (0/2)">
                  <conditions>
                    <condition number="16" type="jump" coverage="0%" />
                  </conditions>
                </line>
                <line number="20" hits="0" branch="False" />
                <line number="21" hits="0" branch="False" />
                <line number="24" hits="0" branch="False" />
                <line number="25" hits="0" branch="False" />
                <line number="26" hits="0" branch="False" />
                <line number="27" hits="0" branch="False" />
              </lines>
            </method>
          </methods>
          <lines>
            <line number="11" hits="0" branch="False" />
            <line number="12" hits="0" branch="False" />
            <line number="15" hits="0" branch="False" />
            <line number="30" hits="0" branch="False" />
            <line number="31" hits="0" branch="True" condition-coverage="0% (0/2)">
              <conditions>
                <condition number="7" type="jump" coverage="0%" />
              </conditions>
            </line>
            <line number="32" hits="0" branch="False" />
            <line number="33" hits="0" branch="False" />
            <line number="35" hits="0" branch="False" />
            <line number="36" hits="0" branch="False" />
            <line number="39" hits="0" branch="False" />
            <line number="40" hits="0" branch="False" />
            <line number="41" hits="0" branch="True" condition-coverage="0% (0/2)">
              <conditions>
                <condition number="44" type="jump" coverage="0%" />
              </conditions>
            </line>
            <line number="42" hits="0" branch="False" />
            <line number="43" hits="0" branch="False" />
            <line number="45" hits="0" branch="False" />
            <line number="46" hits="0" branch="False" />
            <line number="17" hits="0" branch="False" />
            <line number="18" hits="0" branch="False" />
            <line number="19" hits="0" branch="True" condition-coverage="0% (0/2)">
              <conditions>
                <condition number="16" type="jump" coverage="0%" />
              </conditions>
            </line>
            <line number="20" hits="0" branch="False" />
            <line number="21" hits="0" branch="False" />
            <line number="24" hits="0" branch="False" />
            <line number="25" hits="0" branch="False" />
            <line number="26" hits="0" branch="False" />
            <line number="27" hits="0" branch="False" />
          </lines>
        </class>
        <class name="TaskManagent.Domain_TT1.Entities.TaskItem" filename="TaskManagent.Domain TT1\Entities\TaskItem.cs" line-rate="0" branch-rate="0" complexity="10">
          <methods>
            <method name="get_Id" signature="()" line-rate="0" branch-rate="1" complexity="1">
              <lines>
                <line number="13" hits="0" branch="False" />
              </lines>
            </method>
            <method name="get_Title" signature="()" line-rate="0" branch-rate="1" complexity="1">
              <lines>
                <line number="14" hits="0" branch="False" />
              </lines>
            </method>
            <method name="get_Status" signature="()" line-rate="0" branch-rate="1" complexity="1">
              <lines>
                <line number="15" hits="0" branch="False" />
              </lines>
            </method>
            <method name="get_AssignedUser" signature="()" line-rate="0" branch-rate="1" complexity="1">
              <lines>
                <line number="16" hits="0" branch="False" />
              </lines>
            </method>
            <method name="AssignUser" signature="(TaskManagent.Domain_TT1.Entities.User)" line-rate="0" branch-rate="0" complexity="2">
              <lines>
                <line number="30" hits="0" branch="False" />
                <line number="31" hits="0" branch="True" condition-coverage="0% (0/2)">
                  <conditions>
                    <condition number="7" type="jump" coverage="0%" />
                  </conditions>
                </line>
                <line number="32" hits="0" branch="False" />
                <line number="33" hits="0" branch="False" />
                <line number="35" hits="0" branch="False" />
                <line number="36" hits="0" branch="False" />
              </lines>
            </method>
            <method name="MoveToInProgress" signature="()" line-rate="0" branch-rate="0" complexity="2">
              <lines>
                <line number="39" hits="0" branch="False" />
                <line number="40" hits="0" branch="True" condition-coverage="0% (0/2)">
                  <conditions>
                    <condition number="12" type="jump" coverage="0%" />
                  </conditions>
                </line>
                <line number="41" hits="0" branch="False" />
                <line number="42" hits="0" branch="False" />
                <line number="44" hits="0" branch="False" />
              </lines>
            </method>
            <method name=".ctor" signature="(System.String)" line-rate="0" branch-rate="0" complexity="2">
              <lines>
                <line number="18" hits="0" branch="False" />
                <line number="19" hits="0" branch="False" />
                <line number="20" hits="0" branch="True" condition-coverage="0% (0/2)">
                  <conditions>
                    <condition number="16" type="jump" coverage="0%" />
                  </conditions>
                </line>
                <line number="21" hits="0" branch="False" />
                <line number="22" hits="0" branch="False" />
                <line number="24" hits="0" branch="False" />
                <line number="25" hits="0" branch="False" />
                <line number="26" hits="0" branch="False" />
                <line number="27" hits="0" branch="False" />
              </lines>
            </method>
          </methods>
          <lines>
            <line number="13" hits="0" branch="False" />
            <line number="14" hits="0" branch="False" />
            <line number="15" hits="0" branch="False" />
            <line number="16" hits="0" branch="False" />
            <line number="30" hits="0" branch="False" />
            <line number="31" hits="0" branch="True" condition-coverage="0% (0/2)">
              <conditions>
                <condition number="7" type="jump" coverage="0%" />
              </conditions>
            </line>
            <line number="32" hits="0" branch="False" />
            <line number="33" hits="0" branch="False" />
            <line number="35" hits="0" branch="False" />
            <line number="36" hits="0" branch="False" />
            <line number="39" hits="0" branch="False" />
            <line number="40" hits="0" branch="True" condition-coverage="0% (0/2)">
              <conditions>
                <condition number="12" type="jump" coverage="0%" />
              </conditions>
            </line>
            <line number="41" hits="0" branch="False" />
            <line number="42" hits="0" branch="False" />
            <line number="44" hits="0" branch="False" />
            <line number="18" hits="0" branch="False" />
            <line number="19" hits="0" branch="False" />
            <line number="20" hits="0" branch="True" condition-coverage="0% (0/2)">
              <conditions>
                <condition number="16" type="jump" coverage="0%" />
              </conditions>
            </line>
            <line number="21" hits="0" branch="False" />
            <line number="22" hits="0" branch="False" />
            <line number="24" hits="0" branch="False" />
            <line number="25" hits="0" branch="False" />
            <line number="26" hits="0" branch="False" />
            <line number="27" hits="0" branch="False" />
          </lines>
        </class>
        <class name="TaskManagent.Domain_TT1.Entities.User" filename="TaskManagent.Domain TT1\Entities\User.cs" line-rate="0" branch-rate="0" complexity="4">
          <methods>
            <method name="get_Id" signature="()" line-rate="0" branch-rate="1" complexity="1">
              <lines>
                <line number="11" hits="0" branch="False" />
              </lines>
            </method>
            <method name="get_Name" signature="()" line-rate="0" branch-rate="1" complexity="1">
              <lines>
                <line number="12" hits="0" branch="False" />
              </lines>
            </method>
            <method name=".ctor" signature="(System.String)" line-rate="0" branch-rate="0" complexity="2">
              <lines>
                <line number="13" hits="0" branch="False" />
                <line number="14" hits="0" branch="False" />
                <line number="15" hits="0" branch="True" condition-coverage="0% (0/2)">
                  <conditions>
                    <condition number="16" type="jump" coverage="0%" />
                  </conditions>
                </line>
                <line number="16" hits="0" branch="False" />
                <line number="17" hits="0" branch="False" />
                <line number="19" hits="0" branch="False" />
                <line number="20" hits="0" branch="False" />
                <line number="21" hits="0" branch="False" />
              </lines>
            </method>
          </methods>
          <lines>
            <line number="11" hits="0" branch="False" />
            <line number="12" hits="0" branch="False" />
            <line number="13" hits="0" branch="False" />
            <line number="14" hits="0" branch="False" />
            <line number="15" hits="0" branch="True" condition-coverage="0% (0/2)">
              <conditions>
                <condition number="16" type="jump" coverage="0%" />
              </conditions>
            </line>
            <line number="16" hits="0" branch="False" />
            <line number="17" hits="0" branch="False" />
            <line number="19" hits="0" branch="False" />
            <line number="20" hits="0" branch="False" />
            <line number="21" hits="0" branch="False" />
          </lines>
        </class>
      </classes>
    </package>
    <package name="WebAPI_TT1.1" line-rate="0.0667" branch-rate="0.2343" complexity="212">
      <classes>
        <class name="Program" filename="WebAPI_TT1.1\Program.cs" line-rate="0" branch-rate="0" complexity="2">
          <methods>
            <method name="&lt;Main&gt;$" signature="(System.String[])" line-rate="0" branch-rate="0" complexity="2">
              <lines>
                <line number="15" hits="0" branch="False" />
                <line number="20" hits="0" branch="False" />
                <line number="21" hits="0" branch="False" />
                <line number="22" hits="0" branch="False" />
                <line number="23" hits="0" branch="False" />
                <line number="24" hits="0" branch="False" />
                <line number="25" hits="0" branch="False" />
                <line number="26" hits="0" branch="False" />
                <line number="27" hits="0" branch="False" />
                <line number="28" hits="0" branch="False" />
                <line number="29" hits="0" branch="False" />
                <line number="30" hits="0" branch="False" />
                <line number="31" hits="0" branch="False" />
                <line number="32" hits="0" branch="False" />
                <line number="33" hits="0" branch="False" />
                <line number="34" hits="0" branch="False" />
                <line number="35" hits="0" branch="False" />
                <line number="36" hits="0" branch="False" />
                <line number="37" hits="0" branch="False" />
                <line number="38" hits="0" branch="False" />
                <line number="39" hits="0" branch="False" />
                <line number="40" hits="0" branch="False" />
                <line number="41" hits="0" branch="False" />
                <line number="42" hits="0" branch="False" />
                <line number="43" hits="0" branch="False" />
                <line number="44" hits="0" branch="False" />
                <line number="45" hits="0" branch="False" />
                <line number="46" hits="0" branch="False" />
                <line number="47" hits="0" branch="False" />
                <line number="49" hits="0" branch="False" />
                <line number="50" hits="0" branch="False" />
                <line number="51" hits="0" branch="False" />
                <line number="52" hits="0" branch="False" />
                <line number="53" hits="0" branch="False" />
                <line number="54" hits="0" branch="False" />
                <line number="55" hits="0" branch="False" />
                <line number="56" hits="0" branch="False" />
                <line number="58" hits="0" branch="False" />
                <line number="59" hits="0" branch="False" />
                <line number="60" hits="0" branch="False" />
                <line number="61" hits="0" branch="False" />
                <line number="63" hits="0" branch="False" />
                <line number="65" hits="0" branch="False" />
                <line number="66" hits="0" branch="False" />
                <line number="67" hits="0" branch="False" />
                <line number="68" hits="0" branch="False" />
                <line number="69" hits="0" branch="False" />
                <line number="70" hits="0" branch="False" />
                <line number="71" hits="0" branch="False" />
                <line number="72" hits="0" branch="False" />
                <line number="73" hits="0" branch="False" />
                <line number="74" hits="0" branch="False" />
                <line number="75" hits="0" branch="False" />
                <line number="76" hits="0" branch="False" />
                <line number="77" hits="0" branch="False" />
                <line number="78" hits="0" branch="False" />
                <line number="79" hits="0" branch="False" />
                <line number="80" hits="0" branch="False" />
                <line number="81" hits="0" branch="False" />
                <line number="82" hits="0" branch="False" />
                <line number="83" hits="0" branch="False" />
                <line number="84" hits="0" branch="False" />
                <line number="85" hits="0" branch="False" />
                <line number="86" hits="0" branch="False" />
                <line number="87" hits="0" branch="False" />
                <line number="88" hits="0" branch="False" />
                <line number="89" hits="0" branch="False" />
                <line number="90" hits="0" branch="False" />
                <line number="91" hits="0" branch="False" />
                <line number="92" hits="0" branch="False" />
                <line number="93" hits="0" branch="False" />
                <line number="94" hits="0" branch="False" />
                <line number="95" hits="0" branch="False" />
                <line number="96" hits="0" branch="False" />
                <line number="97" hits="0" branch="False" />
                <line number="100" hits="0" branch="False" />
                <line number="103" hits="0" branch="True" condition-coverage="0% (0/2)">
                  <conditions>
                    <condition number="350" type="jump" coverage="0%" />
                  </conditions>
                </line>
                <line number="104" hits="0" branch="False" />
                <line number="105" hits="0" branch="False" />
                <line number="106" hits="0" branch="False" />
                <line number="107" hits="0" branch="False" />
                <line number="109" hits="0" branch="False" />
                <line number="111" hits="0" branch="False" />
                <line number="112" hits="0" branch="False" />
                <line number="114" hits="0" branch="False" />
                <line number="116" hits="0" branch="False" />
                <line number="119" hits="0" branch="False" />
              </lines>
            </method>
          </methods>
          <lines>
            <line number="15" hits="0" branch="False" />
            <line number="20" hits="0" branch="False" />
            <line number="21" hits="0" branch="False" />
            <line number="22" hits="0" branch="False" />
            <line number="23" hits="0" branch="False" />
            <line number="24" hits="0" branch="False" />
            <line number="25" hits="0" branch="False" />
            <line number="26" hits="0" branch="False" />
            <line number="27" hits="0" branch="False" />
            <line number="28" hits="0" branch="False" />
            <line number="29" hits="0" branch="False" />
            <line number="30" hits="0" branch="False" />
            <line number="31" hits="0" branch="False" />
            <line number="32" hits="0" branch="False" />
            <line number="33" hits="0" branch="False" />
            <line number="34" hits="0" branch="False" />
            <line number="35" hits="0" branch="False" />
            <line number="36" hits="0" branch="False" />
            <line number="37" hits="0" branch="False" />
            <line number="38" hits="0" branch="False" />
            <line number="39" hits="0" branch="False" />
            <line number="40" hits="0" branch="False" />
            <line number="41" hits="0" branch="False" />
            <line number="42" hits="0" branch="False" />
            <line number="43" hits="0" branch="False" />
            <line number="44" hits="0" branch="False" />
            <line number="45" hits="0" branch="False" />
            <line number="46" hits="0" branch="False" />
            <line number="47" hits="0" branch="False" />
            <line number="49" hits="0" branch="False" />
            <line number="50" hits="0" branch="False" />
            <line number="51" hits="0" branch="False" />
            <line number="52" hits="0" branch="False" />
            <line number="53" hits="0" branch="False" />
            <line number="54" hits="0" branch="False" />
            <line number="55" hits="0" branch="False" />
            <line number="56" hits="0" branch="False" />
            <line number="58" hits="0" branch="False" />
            <line number="59" hits="0" branch="False" />
            <line number="60" hits="0" branch="False" />
            <line number="61" hits="0" branch="False" />
            <line number="63" hits="0" branch="False" />
            <line number="65" hits="0" branch="False" />
            <line number="66" hits="0" branch="False" />
            <line number="67" hits="0" branch="False" />
            <line number="68" hits="0" branch="False" />
            <line number="69" hits="0" branch="False" />
            <line number="70" hits="0" branch="False" />
            <line number="71" hits="0" branch="False" />
            <line number="72" hits="0" branch="False" />
            <line number="73" hits="0" branch="False" />
            <line number="74" hits="0" branch="False" />
            <line number="75" hits="0" branch="False" />
            <line number="76" hits="0" branch="False" />
            <line number="77" hits="0" branch="False" />
            <line number="78" hits="0" branch="False" />
            <line number="79" hits="0" branch="False" />
            <line number="80" hits="0" branch="False" />
            <line number="81" hits="0" branch="False" />
            <line number="82" hits="0" branch="False" />
            <line number="83" hits="0" branch="False" />
            <line number="84" hits="0" branch="False" />
            <line number="85" hits="0" branch="False" />
            <line number="86" hits="0" branch="False" />
            <line number="87" hits="0" branch="False" />
            <line number="88" hits="0" branch="False" />
            <line number="89" hits="0" branch="False" />
            <line number="90" hits="0" branch="False" />
            <line number="91" hits="0" branch="False" />
            <line number="92" hits="0" branch="False" />
            <line number="93" hits="0" branch="False" />
            <line number="94" hits="0" branch="False" />
            <line number="95" hits="0" branch="False" />
            <line number="96" hits="0" branch="False" />
            <line number="97" hits="0" branch="False" />
            <line number="100" hits="0" branch="False" />
            <line number="103" hits="0" branch="True" condition-coverage="0% (0/2)">
              <conditions>
                <condition number="350" type="jump" coverage="0%" />
              </conditions>
            </line>
            <line number="104" hits="0" branch="False" />
            <line number="105" hits="0" branch="False" />
            <line number="106" hits="0" branch="False" />
            <line number="107" hits="0" branch="False" />
            <line number="109" hits="0" branch="False" />
            <line number="111" hits="0" branch="False" />
            <line number="112" hits="0" branch="False" />
            <line number="114" hits="0" branch="False" />
            <line number="116" hits="0" branch="False" />
            <line number="119" hits="0" branch="False" />
          </lines>
        </class>
        <class name="AspNetCoreGeneratedDocument.Views_TaskItems_Create/&lt;&lt;ExecuteAsync&gt;b__0_0&gt;d" filename="WebAPI_TT1.1\Views\TaskItems\Create.cshtml" line-rate="0" branch-rate="1" complexity="1">
          <methods>
            <method name="MoveNext" signature="()" line-rate="0" branch-rate="1" complexity="1">
              <lines>
                <line number="47" hits="0" branch="False" />
              </lines>
            </method>
          </methods>
          <lines>
            <line number="47" hits="0" branch="False" />
          </lines>
        </class>
        <class name="AspNetCoreGeneratedDocument.Views_TaskItems_Create/&lt;ExecuteAsync&gt;d__0" filename="WebAPI_TT1.1\Views\TaskItems\Create.cshtml" line-rate="0" branch-rate="1" complexity="1">
          <methods>
            <method name="MoveNext" signature="()" line-rate="0" branch-rate="1" complexity="1">
              <lines>
                <line number="6" hits="0" branch="False" />
              </lines>
            </method>
          </methods>
          <lines>
            <line number="6" hits="0" branch="False" />
          </lines>
        </class>
        <class name="AspNetCoreGeneratedDocument.Views_TaskItems_Delete/&lt;ExecuteAsync&gt;d__0" filename="WebAPI_TT1.1\Views\TaskItems\Delete.cshtml" line-rate="0" branch-rate="1" complexity="1">
          <methods>
            <method name="MoveNext" signature="()" line-rate="0" branch-rate="1" complexity="1">
              <lines>
                <line number="6" hits="0" branch="False" />
              </lines>
            </method>
          </methods>
          <lines>
            <line number="6" hits="0" branch="False" />
          </lines>
        </class>
        <class name="AspNetCoreGeneratedDocument.Views_TaskItems_Details/&lt;ExecuteAsync&gt;d__0" filename="WebAPI_TT1.1\Views\TaskItems\Details.cshtml" line-rate="0" branch-rate="0" complexity="2">
          <methods>
            <method name="MoveNext" signature="()" line-rate="0" branch-rate="0" complexity="2">
              <lines>
                <line number="6" hits="0" branch="True" condition-coverage="0% (0/2)">
                  <conditions>
                    <condition number="1008" type="jump" coverage="0%" />
                  </conditions>
                </line>
              </lines>
            </method>
          </methods>
          <lines>
            <line number="6" hits="0" branch="True" condition-coverage="0% (0/2)">
              <conditions>
                <condition number="1008" type="jump" coverage="0%" />
              </conditions>
            </line>
          </lines>
        </class>
        <class name="AspNetCoreGeneratedDocument.Views_TaskItems_Edit/&lt;&lt;ExecuteAsync&gt;b__0_0&gt;d" filename="WebAPI_TT1.1\Views\TaskItems\Edit.cshtml" line-rate="0" branch-rate="1" complexity="1">
          <methods>
            <method name="MoveNext" signature="()" line-rate="0" branch-rate="1" complexity="1">
              <lines>
                <line number="50" hits="0" branch="False" />
              </lines>
            </method>
          </methods>
          <lines>
            <line number="50" hits="0" branch="False" />
          </lines>
        </class>
        <class name="AspNetCoreGeneratedDocument.Views_TaskItems_Edit/&lt;ExecuteAsync&gt;d__0" filename="WebAPI_TT1.1\Views\TaskItems\Edit.cshtml" line-rate="0" branch-rate="1" complexity="1">
          <methods>
            <method name="MoveNext" signature="()" line-rate="0" branch-rate="1" complexity="1">
              <lines>
                <line number="6" hits="0" branch="False" />
              </lines>
            </method>
          </methods>
          <lines>
            <line number="6" hits="0" branch="False" />
          </lines>
        </class>
        <class name="AspNetCoreGeneratedDocument.Views_TaskItems_Index/&lt;ExecuteAsync&gt;d__0" filename="WebAPI_TT1.1\Views\TaskItems\Index.cshtml" line-rate="0" branch-rate="0" complexity="2">
          <methods>
            <method name="MoveNext" signature="()" line-rate="0" branch-rate="0" complexity="2">
              <lines>
                <line number="6" hits="0" branch="False" />
                <line number="33" hits="0" branch="True" condition-coverage="0% (0/2)">
                  <conditions>
                    <condition number="1531" type="jump" coverage="0%" />
                  </conditions>
                </line>
                <line number="53" hits="0" branch="False" />
              </lines>
            </method>
          </methods>
          <lines>
            <line number="6" hits="0" branch="False" />
            <line number="33" hits="0" branch="True" condition-coverage="0% (0/2)">
              <conditions>
                <condition number="1531" type="jump" coverage="0%" />
              </conditions>
            </line>
            <line number="53" hits="0" branch="False" />
          </lines>
        </class>
        <class name="TaskManager.Test.Repositories.TaskRepository" filename="WebAPI_TT1.1\Repositories\TaskRepository.cs" line-rate="0.7692" branch-rate="1" complexity="4">
          <methods>
            <method name="Delete" signature="(WebAPI_TT1._1.Models.TaskItem)" line-rate="0" branch-rate="1" complexity="1">
              <lines>
                <line number="29" hits="0" branch="False" />
                <line number="30" hits="0" branch="False" />
                <line number="31" hits="0" branch="False" />
              </lines>
            </method>
            <method name="GetQuery" signature="()" line-rate="1" branch-rate="1" complexity="1">
              <lines>
                <line number="40" hits="3" branch="False" />
                <line number="41" hits="3" branch="False" />
                <line number="42" hits="3" branch="False" />
              </lines>
            </method>
            <method name="Update" signature="(WebAPI_TT1._1.Models.TaskItem)" line-rate="1" branch-rate="1" complexity="1">
              <lines>
                <line number="56" hits="1" branch="False" />
                <line number="57" hits="1" branch="False" />
                <line number="58" hits="1" branch="False" />
              </lines>
            </method>
            <method name=".ctor" signature="(WebAPI_TT1._1.Data.AppDBContext)" line-rate="1" branch-rate="1" complexity="1">
              <lines>
                <line number="17" hits="11" branch="False" />
                <line number="18" hits="11" branch="False" />
                <line number="19" hits="11" branch="False" />
                <line number="20" hits="11" branch="False" />
              </lines>
            </method>
          </methods>
          <lines>
            <line number="29" hits="0" branch="False" />
            <line number="30" hits="0" branch="False" />
            <line number="31" hits="0" branch="False" />
            <line number="40" hits="3" branch="False" />
            <line number="41" hits="3" branch="False" />
            <line number="42" hits="3" branch="False" />
            <line number="56" hits="1" branch="False" />
            <line number="57" hits="1" branch="False" />
            <line number="58" hits="1" branch="False" />
            <line number="17" hits="11" branch="False" />
            <line number="18" hits="11" branch="False" />
            <line number="19" hits="11" branch="False" />
            <line number="20" hits="11" branch="False" />
          </lines>
        </class>
        <class name="TaskManager.Test.Repositories.TaskRepository/&lt;AddAsync&gt;d__2" filename="WebAPI_TT1.1\Repositories\TaskRepository.cs" line-rate="1" branch-rate="1" complexity="1">
          <methods>
            <method name="MoveNext" signature="()" line-rate="1" branch-rate="1" complexity="1">
              <lines>
                <line number="23" hits="1" branch="False" />
                <line number="24" hits="1" branch="False" />
                <line number="26" hits="1" branch="False" />
              </lines>
            </method>
          </methods>
          <lines>
            <line number="23" hits="1" branch="False" />
            <line number="24" hits="1" branch="False" />
            <line number="26" hits="1" branch="False" />
          </lines>
        </class>
        <class name="TaskManager.Test.Repositories.TaskRepository/&lt;GetByIdAsync&gt;d__4" filename="WebAPI_TT1.1\Repositories\TaskRepository.cs" line-rate="1" branch-rate="1" complexity="1">
          <methods>
            <method name="MoveNext" signature="()" line-rate="1" branch-rate="1" complexity="1">
              <lines>
                <line number="34" hits="3" branch="False" />
                <line number="35" hits="3" branch="False" />
                <line number="37" hits="3" branch="False" />
              </lines>
            </method>
          </methods>
          <lines>
            <line number="34" hits="3" branch="False" />
            <line number="35" hits="3" branch="False" />
            <line number="37" hits="3" branch="False" />
          </lines>
        </class>
        <class name="TaskManager.Test.Repositories.TaskRepository/&lt;ProjectExists&gt;d__6" filename="WebAPI_TT1.1\Repositories\TaskRepository.cs" line-rate="1" branch-rate="1" complexity="1">
          <methods>
            <method name="MoveNext" signature="()" line-rate="1" branch-rate="1" complexity="1">
              <lines>
                <line number="45" hits="3" branch="False" />
                <line number="46" hits="3" branch="False" />
                <line number="48" hits="3" branch="False" />
              </lines>
            </method>
          </methods>
          <lines>
            <line number="45" hits="3" branch="False" />
            <line number="46" hits="3" branch="False" />
            <line number="48" hits="3" branch="False" />
          </lines>
        </class>
        <class name="TaskManager.Test.Repositories.TaskRepository/&lt;SaveChangesAsync&gt;d__7" filename="WebAPI_TT1.1\Repositories\TaskRepository.cs" line-rate="1" branch-rate="1" complexity="1">
          <methods>
            <method name="MoveNext" signature="()" line-rate="1" branch-rate="1" complexity="1">
              <lines>
                <line number="51" hits="2" branch="False" />
                <line number="52" hits="2" branch="False" />
                <line number="53" hits="2" branch="False" />
              </lines>
            </method>
          </methods>
          <lines>
            <line number="51" hits="2" branch="False" />
            <line number="52" hits="2" branch="False" />
            <line number="53" hits="2" branch="False" />
          </lines>
        </class>
        <class name="TaskManager.Test.Repositories.TaskRepository/&lt;UserExists&gt;d__9" filename="WebAPI_TT1.1\Repositories\TaskRepository.cs" line-rate="1" branch-rate="1" complexity="1">
          <methods>
            <method name="MoveNext" signature="()" line-rate="1" branch-rate="1" complexity="1">
              <lines>
                <line number="61" hits="2" branch="False" />
                <line number="62" hits="2" branch="False" />
                <line number="64" hits="2" branch="False" />
              </lines>
            </method>
          </methods>
          <lines>
            <line number="61" hits="2" branch="False" />
            <line number="62" hits="2" branch="False" />
            <line number="64" hits="2" branch="False" />
          </lines>
        </class>
        <class name="WebAPI_TT1._1.WeatherForecast" filename="WebAPI_TT1.1\WeatherForecast.cs" line-rate="0" branch-rate="1" complexity="4">
          <methods>
            <method name="get_Date" signature="()" line-rate="0" branch-rate="1" complexity="1">
              <lines>
                <line number="5" hits="0" branch="False" />
              </lines>
            </method>
            <method name="get_TemperatureC" signature="()" line-rate="0" branch-rate="1" complexity="1">
              <lines>
                <line number="7" hits="0" branch="False" />
              </lines>
            </method>
            <method name="get_TemperatureF" signature="()" line-rate="0" branch-rate="1" complexity="1">
              <lines>
                <line number="9" hits="0" branch="False" />
              </lines>
            </method>
            <method name="get_Summary" signature="()" line-rate="0" branch-rate="1" complexity="1">
              <lines>
                <line number="11" hits="0" branch="False" />
              </lines>
            </method>
          </methods>
          <lines>
            <line number="5" hits="0" branch="False" />
            <line number="7" hits="0" branch="False" />
            <line number="9" hits="0" branch="False" />
            <line number="11" hits="0" branch="False" />
          </lines>
        </class>
        <class name="WebAPI_TT1._1.Services.UserService" filename="WebAPI_TT1.1\Services\UserService.cs" line-rate="0" branch-rate="1" complexity="1">
          <methods>
            <method name=".ctor" signature="(WebAPI_TT1._1.Repositories.IURepository)" line-rate="0" branch-rate="1" complexity="1">
              <lines>
                <line number="10" hits="0" branch="False" />
                <line number="11" hits="0" branch="False" />
                <line number="12" hits="0" branch="False" />
                <line number="13" hits="0" branch="False" />
              </lines>
            </method>
          </methods>
          <lines>
            <line number="10" hits="0" branch="False" />
            <line number="11" hits="0" branch="False" />
            <line number="12" hits="0" branch="False" />
            <line number="13" hits="0" branch="False" />
          </lines>
        </class>
        <class name="WebAPI_TT1._1.Services.UserService/&lt;CreateUserAsync&gt;d__2" filename="WebAPI_TT1.1\Services\UserService.cs" line-rate="0" branch-rate="1" complexity="1">
          <methods>
            <method name="MoveNext" signature="()" line-rate="0" branch-rate="1" complexity="1">
              <lines>
                <line number="15" hits="0" branch="False" />
                <line number="16" hits="0" branch="False" />
                <line number="17" hits="0" branch="False" />
                <line number="18" hits="0" branch="False" />
                <line number="19" hits="0" branch="False" />
                <line number="20" hits="0" branch="False" />
                <line number="21" hits="0" branch="False" />
                <line number="22" hits="0" branch="False" />
                <line number="23" hits="0" branch="False" />
                <line number="24" hits="0" branch="False" />
              </lines>
            </method>
          </methods>
          <lines>
            <line number="15" hits="0" branch="False" />
            <line number="16" hits="0" branch="False" />
            <line number="17" hits="0" branch="False" />
            <line number="18" hits="0" branch="False" />
            <line number="19" hits="0" branch="False" />
            <line number="20" hits="0" branch="False" />
            <line number="21" hits="0" branch="False" />
            <line number="22" hits="0" branch="False" />
            <line number="23" hits="0" branch="False" />
            <line number="24" hits="0" branch="False" />
          </lines>
        </class>
        <class name="WebAPI_TT1._1.Services.UserService/&lt;GetAllUsersAsync&gt;d__3" filename="WebAPI_TT1.1\Services\UserService.cs" line-rate="0" branch-rate="1" complexity="1">
          <methods>
            <method name="MoveNext" signature="()" line-rate="0" branch-rate="1" complexity="1">
              <lines>
                <line number="28" hits="0" branch="False" />
                <line number="29" hits="0" branch="False" />
                <line number="30" hits="0" branch="False" />
              </lines>
            </method>
          </methods>
          <lines>
            <line number="28" hits="0" branch="False" />
            <line number="29" hits="0" branch="False" />
            <line number="30" hits="0" branch="False" />
          </lines>
        </class>
        <class name="WebAPI_TT1._1.Services.Auth.CurrentUserService" filename="WebAPI_TT1.1\Services\Auth\CurrentUserService.cs" line-rate="0.5909" branch-rate="0.1666" complexity="16">
          <methods>
            <method name="get_FakeUserId" signature="()" line-rate="1" branch-rate="1" complexity="1">
              <lines>
                <line number="14" hits="6" branch="False" />
              </lines>
            </method>
            <method name="get_FakeRole" signature="()" line-rate="1" branch-rate="1" complexity="1">
              <lines>
                <line number="15" hits="14" branch="False" />
              </lines>
            </method>
            <method name="get_UserId" signature="()" line-rate="0.5714" branch-rate="0.1666" complexity="6">
              <lines>
                <line number="25" hits="2" branch="False" />
                <line number="26" hits="2" branch="True" condition-coverage="50% (1/2)">
                  <conditions>
                    <condition number="17" type="jump" coverage="50%" />
                  </conditions>
                </line>
                <line number="27" hits="2" branch="False" />
                <line number="29" hits="0" branch="True" condition-coverage="0% (0/4)">
                  <conditions>
                    <condition number="48" type="jump" coverage="0%" />
                    <condition number="70" type="jump" coverage="0%" />
                  </conditions>
                </line>
                <line number="30" hits="0" branch="False" />
                <line number="32" hits="0" branch="False" />
                <line number="33" hits="2" branch="False" />
              </lines>
            </method>
            <method name="get_Role" signature="()" line-rate="0.6666" branch-rate="0.1666" complexity="6">
              <lines>
                <line number="39" hits="4" branch="False" />
                <line number="40" hits="4" branch="True" condition-coverage="50% (1/2)">
                  <conditions>
                    <condition number="17" type="jump" coverage="50%" />
                  </conditions>
                </line>
                <line number="41" hits="4" branch="False" />
                <line number="43" hits="0" branch="True" condition-coverage="0% (0/4)">
                  <conditions>
                    <condition number="40" type="jump" coverage="0%" />
                    <condition number="62" type="jump" coverage="0%" />
                  </conditions>
                </line>
                <line number="44" hits="0" branch="False" />
                <line number="45" hits="4" branch="False" />
              </lines>
            </method>
            <method name=".ctor" signature="()" line-rate="1" branch-rate="1" complexity="1">
              <lines>
                <line number="9" hits="13" branch="False" />
                <line number="10" hits="13" branch="False" />
                <line number="11" hits="13" branch="False" />
              </lines>
            </method>
            <method name=".ctor" signature="(Microsoft.AspNetCore.Http.IHttpContextAccessor)" line-rate="0" branch-rate="1" complexity="1">
              <lines>
                <line number="17" hits="0" branch="False" />
                <line number="18" hits="0" branch="False" />
                <line number="19" hits="0" branch="False" />
                <line number="20" hits="0" branch="False" />
              </lines>
            </method>
          </methods>
          <lines>
            <line number="14" hits="6" branch="False" />
            <line number="15" hits="14" branch="False" />
            <line number="25" hits="2" branch="False" />
            <line number="26" hits="2" branch="True" condition-coverage="50% (1/2)">
              <conditions>
                <condition number="17" type="jump" coverage="50%" />
              </conditions>
            </line>
            <line number="27" hits="2" branch="False" />
            <line number="29" hits="0" branch="True" condition-coverage="0% (0/4)">
              <conditions>
                <condition number="48" type="jump" coverage="0%" />
                <condition number="70" type="jump" coverage="0%" />
              </conditions>
            </line>
            <line number="30" hits="0" branch="False" />
            <line number="32" hits="0" branch="False" />
            <line number="33" hits="2" branch="False" />
            <line number="39" hits="4" branch="False" />
            <line number="40" hits="4" branch="True" condition-coverage="50% (1/2)">
              <conditions>
                <condition number="17" type="jump" coverage="50%" />
              </conditions>
            </line>
            <line number="41" hits="4" branch="False" />
            <line number="43" hits="0" branch="True" condition-coverage="0% (0/4)">
              <conditions>
                <condition number="40" type="jump" coverage="0%" />
                <condition number="62" type="jump" coverage="0%" />
              </conditions>
            </line>
            <line number="44" hits="0" branch="False" />
            <line number="45" hits="4" branch="False" />
            <line number="9" hits="13" branch="False" />
            <line number="10" hits="13" branch="False" />
            <line number="11" hits="13" branch="False" />
            <line number="17" hits="0" branch="False" />
            <line number="18" hits="0" branch="False" />
            <line number="19" hits="0" branch="False" />
            <line number="20" hits="0" branch="False" />
          </lines>
        </class>
        <class name="WebAPI_TT1._1.Services.Auth.JwtService" filename="WebAPI_TT1.1\Services\Auth\JwtService.cs" line-rate="0" branch-rate="1" complexity="2">
          <methods>
            <method name="GenerateToken" signature="(WebAPI_TT1._1.Models.Userss,System.String)" line-rate="0" branch-rate="1" complexity="1">
              <lines>
                <line number="19" hits="0" branch="False" />
                <line number="20" hits="0" branch="False" />
                <line number="21" hits="0" branch="False" />
                <line number="22" hits="0" branch="False" />
                <line number="23" hits="0" branch="False" />
                <line number="24" hits="0" branch="False" />
                <line number="25" hits="0" branch="False" />
                <line number="27" hits="0" branch="False" />
                <line number="28" hits="0" branch="False" />
                <line number="29" hits="0" branch="False" />
                <line number="31" hits="0" branch="False" />
                <line number="33" hits="0" branch="False" />
                <line number="34" hits="0" branch="False" />
                <line number="35" hits="0" branch="False" />
                <line number="36" hits="0" branch="False" />
                <line number="37" hits="0" branch="False" />
                <line number="39" hits="0" branch="False" />
                <line number="40" hits="0" branch="False" />
              </lines>
            </method>
            <method name=".ctor" signature="(Microsoft.Extensions.Configuration.IConfiguration)" line-rate="0" branch-rate="1" complexity="1">
              <lines>
                <line number="13" hits="0" branch="False" />
                <line number="14" hits="0" branch="False" />
                <line number="15" hits="0" branch="False" />
                <line number="16" hits="0" branch="False" />
              </lines>
            </method>
          </methods>
          <lines>
            <line number="19" hits="0" branch="False" />
            <line number="20" hits="0" branch="False" />
            <line number="21" hits="0" branch="False" />
            <line number="22" hits="0" branch="False" />
            <line number="23" hits="0" branch="False" />
            <line number="24" hits="0" branch="False" />
            <line number="25" hits="0" branch="False" />
            <line number="27" hits="0" branch="False" />
            <line number="28" hits="0" branch="False" />
            <line number="29" hits="0" branch="False" />
            <line number="31" hits="0" branch="False" />
            <line number="33" hits="0" branch="False" />
            <line number="34" hits="0" branch="False" />
            <line number="35" hits="0" branch="False" />
            <line number="36" hits="0" branch="False" />
            <line number="37" hits="0" branch="False" />
            <line number="39" hits="0" branch="False" />
            <line number="40" hits="0" branch="False" />
            <line number="13" hits="0" branch="False" />
            <line number="14" hits="0" branch="False" />
            <line number="15" hits="0" branch="False" />
            <line number="16" hits="0" branch="False" />
          </lines>
        </class>
        <class name="WebAPI_TT1._1.Services.Auth.TaskService" filename="WebAPI_TT1.1\Services\Auth\TaskService.cs" line-rate="1" branch-rate="1" complexity="1">
          <methods>
            <method name=".ctor" signature="(WebAPI_TT1._1.Services.Auth.CurrentUserService,TaskManager.Test.Repositories.ITaskRepository)" line-rate="1" branch-rate="1" complexity="1">
              <lines>
                <line number="15" hits="13" branch="False" />
                <line number="16" hits="13" branch="False" />
                <line number="17" hits="13" branch="False" />
                <line number="18" hits="13" branch="False" />
                <line number="19" hits="13" branch="False" />
              </lines>
            </method>
          </methods>
          <lines>
            <line number="15" hits="13" branch="False" />
            <line number="16" hits="13" branch="False" />
            <line number="17" hits="13" branch="False" />
            <line number="18" hits="13" branch="False" />
            <line number="19" hits="13" branch="False" />
          </lines>
        </class>
        <class name="WebAPI_TT1._1.Services.Auth.TaskService/&lt;Assign&gt;d__8" filename="WebAPI_TT1.1\Services\Auth\TaskService.cs" line-rate="0.8665999999999999" branch-rate="0.75" complexity="4">
          <methods>
            <method name="MoveNext" signature="()" line-rate="0.8665999999999999" branch-rate="0.75" complexity="4">
              <lines>
                <line number="133" hits="4" branch="False" />
                <line number="134" hits="4" branch="False" />
                <line number="136" hits="4" branch="True" condition-coverage="50% (1/2)">
                  <conditions>
                    <condition number="194" type="jump" coverage="50%" />
                  </conditions>
                </line>
                <line number="137" hits="0" branch="False" />
                <line number="138" hits="0" branch="False" />
                <line number="141" hits="4" branch="False" />
                <line number="142" hits="4" branch="False" />
                <line number="147" hits="4" branch="True" condition-coverage="100% (2/2)">
                  <conditions>
                    <condition number="373" type="jump" coverage="100%" />
                  </conditions>
                </line>
                <line number="148" hits="2" branch="False" />
                <line number="149" hits="2" branch="False" />
                <line number="152" hits="2" branch="False" />
                <line number="153" hits="2" branch="False" />
                <line number="154" hits="2" branch="False" />
                <line number="155" hits="2" branch="False" />
                <line number="156" hits="2" branch="False" />
              </lines>
            </method>
          </methods>
          <lines>
            <line number="133" hits="4" branch="False" />
            <line number="134" hits="4" branch="False" />
            <line number="136" hits="4" branch="True" condition-coverage="50% (1/2)">
              <conditions>
                <condition number="194" type="jump" coverage="50%" />
              </conditions>
            </line>
            <line number="137" hits="0" branch="False" />
            <line number="138" hits="0" branch="False" />
            <line number="141" hits="4" branch="False" />
            <line number="142" hits="4" branch="False" />
            <line number="147" hits="4" branch="True" condition-coverage="100% (2/2)">
              <conditions>
                <condition number="373" type="jump" coverage="100%" />
              </conditions>
            </line>
            <line number="148" hits="2" branch="False" />
            <line number="149" hits="2" branch="False" />
            <line number="152" hits="2" branch="False" />
            <line number="153" hits="2" branch="False" />
            <line number="154" hits="2" branch="False" />
            <line number="155" hits="2" branch="False" />
            <line number="156" hits="2" branch="False" />
          </lines>
        </class>
        <class name="WebAPI_TT1._1.Services.Auth.TaskService/&lt;Create&gt;d__5" filename="WebAPI_TT1.1\Services\Auth\TaskService.cs" line-rate="1" branch-rate="1" complexity="4">
          <methods>
            <method name="MoveNext" signature="()" line-rate="1" branch-rate="1" complexity="4">
              <lines>
                <line number="54" hits="3" branch="False" />
                <line number="55" hits="3" branch="False" />
                <line number="57" hits="3" branch="True" condition-coverage="100% (2/2)">
                  <conditions>
                    <condition number="187" type="jump" coverage="100%" />
                  </conditions>
                </line>
                <line number="58" hits="1" branch="False" />
                <line number="59" hits="1" branch="False" />
                <line number="61" hits="2" branch="True" condition-coverage="100% (2/2)">
                  <conditions>
                    <condition number="231" type="jump" coverage="100%" />
                  </conditions>
                </line>
                <line number="62" hits="1" branch="False" />
                <line number="63" hits="1" branch="False" />
                <line number="66" hits="1" branch="False" />
                <line number="67" hits="1" branch="False" />
                <line number="68" hits="1" branch="False" />
                <line number="69" hits="1" branch="False" />
                <line number="70" hits="1" branch="False" />
                <line number="71" hits="1" branch="False" />
                <line number="72" hits="1" branch="False" />
                <line number="73" hits="1" branch="False" />
                <line number="75" hits="1" branch="False" />
                <line number="76" hits="1" branch="False" />
                <line number="77" hits="1" branch="False" />
                <line number="78" hits="1" branch="False" />
              </lines>
            </method>
          </methods>
          <lines>
            <line number="54" hits="3" branch="False" />
            <line number="55" hits="3" branch="False" />
            <line number="57" hits="3" branch="True" condition-coverage="100% (2/2)">
              <conditions>
                <condition number="187" type="jump" coverage="100%" />
              </conditions>
            </line>
            <line number="58" hits="1" branch="False" />
            <line number="59" hits="1" branch="False" />
            <line number="61" hits="2" branch="True" condition-coverage="100% (2/2)">
              <conditions>
                <condition number="231" type="jump" coverage="100%" />
              </conditions>
            </line>
            <line number="62" hits="1" branch="False" />
            <line number="63" hits="1" branch="False" />
            <line number="66" hits="1" branch="False" />
            <line number="67" hits="1" branch="False" />
            <line number="68" hits="1" branch="False" />
            <line number="69" hits="1" branch="False" />
            <line number="70" hits="1" branch="False" />
            <line number="71" hits="1" branch="False" />
            <line number="72" hits="1" branch="False" />
            <line number="73" hits="1" branch="False" />
            <line number="75" hits="1" branch="False" />
            <line number="76" hits="1" branch="False" />
            <line number="77" hits="1" branch="False" />
            <line number="78" hits="1" branch="False" />
          </lines>
        </class>
        <class name="WebAPI_TT1._1.Services.Auth.TaskService/&lt;Delete&gt;d__7" filename="WebAPI_TT1.1\Services\Auth\TaskService.cs" line-rate="0" branch-rate="0" complexity="2">
          <methods>
            <method name="MoveNext" signature="()" line-rate="0" branch-rate="0" complexity="2">
              <lines>
                <line number="120" hits="0" branch="False" />
                <line number="121" hits="0" branch="False" />
                <line number="122" hits="0" branch="True" condition-coverage="0% (0/2)">
                  <conditions>
                    <condition number="175" type="jump" coverage="0%" />
                  </conditions>
                </line>
                <line number="123" hits="0" branch="False" />
                <line number="124" hits="0" branch="False" />
                <line number="127" hits="0" branch="False" />
                <line number="128" hits="0" branch="False" />
                <line number="129" hits="0" branch="False" />
                <line number="130" hits="0" branch="False" />
              </lines>
            </method>
          </methods>
          <lines>
            <line number="120" hits="0" branch="False" />
            <line number="121" hits="0" branch="False" />
            <line number="122" hits="0" branch="True" condition-coverage="0% (0/2)">
              <conditions>
                <condition number="175" type="jump" coverage="0%" />
              </conditions>
            </line>
            <line number="123" hits="0" branch="False" />
            <line number="124" hits="0" branch="False" />
            <line number="127" hits="0" branch="False" />
            <line number="128" hits="0" branch="False" />
            <line number="129" hits="0" branch="False" />
            <line number="130" hits="0" branch="False" />
          </lines>
        </class>
        <class name="WebAPI_TT1._1.Services.Auth.TaskService/&lt;GetAll&gt;d__3" filename="WebAPI_TT1.1\Services\Auth\TaskService.cs" line-rate="0" branch-rate="0" complexity="2">
          <methods>
            <method name="MoveNext" signature="()" line-rate="0" branch-rate="0" complexity="2">
              <lines>
                <line number="22" hits="0" branch="False" />
                <line number="23" hits="0" branch="False" />
                <line number="25" hits="0" branch="True" condition-coverage="0% (0/2)">
                  <conditions>
                    <condition number="68" type="jump" coverage="0%" />
                  </conditions>
                </line>
                <line number="26" hits="0" branch="False" />
                <line number="27" hits="0" branch="False" />
                <line number="28" hits="0" branch="False" />
                <line number="30" hits="0" branch="False" />
                <line number="31" hits="0" branch="False" />
                <line number="32" hits="0" branch="False" />
                <line number="33" hits="0" branch="False" />
                <line number="34" hits="0" branch="False" />
                <line number="35" hits="0" branch="False" />
                <line number="36" hits="0" branch="False" />
                <line number="37" hits="0" branch="False" />
                <line number="38" hits="0" branch="False" />
                <line number="39" hits="0" branch="False" />
                <line number="40" hits="0" branch="False" />
              </lines>
            </method>
          </methods>
          <lines>
            <line number="22" hits="0" branch="False" />
            <line number="23" hits="0" branch="False" />
            <line number="25" hits="0" branch="True" condition-coverage="0% (0/2)">
              <conditions>
                <condition number="68" type="jump" coverage="0%" />
              </conditions>
            </line>
            <line number="26" hits="0" branch="False" />
            <line number="27" hits="0" branch="False" />
            <line number="28" hits="0" branch="False" />
            <line number="30" hits="0" branch="False" />
            <line number="31" hits="0" branch="False" />
            <line number="32" hits="0" branch="False" />
            <line number="33" hits="0" branch="False" />
            <line number="34" hits="0" branch="False" />
            <line number="35" hits="0" branch="False" />
            <line number="36" hits="0" branch="False" />
            <line number="37" hits="0" branch="False" />
            <line number="38" hits="0" branch="False" />
            <line number="39" hits="0" branch="False" />
            <line number="40" hits="0" branch="False" />
          </lines>
        </class>
        <class name="WebAPI_TT1._1.Services.Auth.TaskService/&lt;GetById&gt;d__4" filename="WebAPI_TT1.1\Services\Auth\TaskService.cs" line-rate="0" branch-rate="0" complexity="2">
          <methods>
            <method name="MoveNext" signature="()" line-rate="0" branch-rate="0" complexity="2">
              <lines>
                <line number="43" hits="0" branch="False" />
                <line number="44" hits="0" branch="False" />
                <line number="46" hits="0" branch="True" condition-coverage="0% (0/2)">
                  <conditions>
                    <condition number="164" type="jump" coverage="0%" />
                  </conditions>
                </line>
                <line number="47" hits="0" branch="False" />
                <line number="49" hits="0" branch="False" />
                <line number="50" hits="0" branch="False" />
              </lines>
            </method>
          </methods>
          <lines>
            <line number="43" hits="0" branch="False" />
            <line number="44" hits="0" branch="False" />
            <line number="46" hits="0" branch="True" condition-coverage="0% (0/2)">
              <conditions>
                <condition number="164" type="jump" coverage="0%" />
              </conditions>
            </line>
            <line number="47" hits="0" branch="False" />
            <line number="49" hits="0" branch="False" />
            <line number="50" hits="0" branch="False" />
          </lines>
        </class>
        <class name="WebAPI_TT1._1.Services.Auth.TaskService/&lt;GetByProjectId&gt;d__9" filename="WebAPI_TT1.1\Services\Auth\TaskService.cs" line-rate="0" branch-rate="1" complexity="1">
          <methods>
            <method name="MoveNext" signature="()" line-rate="0" branch-rate="1" complexity="1">
              <lines>
                <line number="160" hits="0" branch="False" />
                <line number="161" hits="0" branch="False" />
                <line number="162" hits="0" branch="False" />
                <line number="163" hits="0" branch="False" />
                <line number="164" hits="0" branch="False" />
              </lines>
            </method>
          </methods>
          <lines>
            <line number="160" hits="0" branch="False" />
            <line number="161" hits="0" branch="False" />
            <line number="162" hits="0" branch="False" />
            <line number="163" hits="0" branch="False" />
            <line number="164" hits="0" branch="False" />
          </lines>
        </class>
        <class name="WebAPI_TT1._1.Services.Auth.TaskService/&lt;GetByUser&gt;d__10" filename="WebAPI_TT1.1\Services\Auth\TaskService.cs" line-rate="0" branch-rate="1" complexity="1">
          <methods>
            <method name="MoveNext" signature="()" line-rate="0" branch-rate="1" complexity="1">
              <lines>
                <line number="167" hits="0" branch="False" />
                <line number="168" hits="0" branch="False" />
                <line number="169" hits="0" branch="False" />
                <line number="170" hits="0" branch="False" />
                <line number="171" hits="0" branch="False" />
              </lines>
            </method>
          </methods>
          <lines>
            <line number="167" hits="0" branch="False" />
            <line number="168" hits="0" branch="False" />
            <line number="169" hits="0" branch="False" />
            <line number="170" hits="0" branch="False" />
            <line number="171" hits="0" branch="False" />
          </lines>
        </class>
        <class name="WebAPI_TT1._1.Services.Auth.TaskService/&lt;GetMyTasks&gt;d__11" filename="WebAPI_TT1.1\Services\Auth\TaskService.cs" line-rate="1" branch-rate="1" complexity="2">
          <methods>
            <method name="MoveNext" signature="()" line-rate="1" branch-rate="1" complexity="2">
              <lines>
                <line number="175" hits="3" branch="False" />
                <line number="176" hits="3" branch="False" />
                <line number="178" hits="3" branch="True" condition-coverage="100% (2/2)">
                  <conditions>
                    <condition number="68" type="jump" coverage="100%" />
                  </conditions>
                </line>
                <line number="179" hits="1" branch="False" />
                <line number="180" hits="1" branch="False" />
                <line number="181" hits="1" branch="False" />
                <line number="183" hits="3" branch="False" />
                <line number="184" hits="3" branch="False" />
              </lines>
            </method>
          </methods>
          <lines>
            <line number="175" hits="3" branch="False" />
            <line number="176" hits="3" branch="False" />
            <line number="178" hits="3" branch="True" condition-coverage="100% (2/2)">
              <conditions>
                <condition number="68" type="jump" coverage="100%" />
              </conditions>
            </line>
            <line number="179" hits="1" branch="False" />
            <line number="180" hits="1" branch="False" />
            <line number="181" hits="1" branch="False" />
            <line number="183" hits="3" branch="False" />
            <line number="184" hits="3" branch="False" />
          </lines>
        </class>
        <class name="WebAPI_TT1._1.Services.Auth.TaskService/&lt;UpdateStatus&gt;d__6" filename="WebAPI_TT1.1\Services\Auth\TaskService.cs" line-rate="0.2727" branch-rate="0.22219999999999998" complexity="18">
          <methods>
            <method name="MoveNext" signature="()" line-rate="0.2727" branch-rate="0.22219999999999998" complexity="18">
              <lines>
                <line number="83" hits="1" branch="False" />
                <line number="84" hits="1" branch="False" />
                <line number="85" hits="1" branch="True" condition-coverage="50% (1/2)">
                  <conditions>
                    <condition number="180" type="jump" coverage="50%" />
                  </conditions>
                </line>
                <line number="86" hits="0" branch="False" />
                <line number="87" hits="0" branch="False" />
                <line number="90" hits="1" branch="True" condition-coverage="50% (3/6)">
                  <conditions>
                    <condition number="225" type="jump" coverage="50%" />
                    <condition number="265" type="jump" coverage="50%" />
                    <condition number="291" type="jump" coverage="50%" />
                  </conditions>
                </line>
                <line number="91" hits="1" branch="False" />
                <line number="92" hits="1" branch="False" />
                <line number="95" hits="0" branch="True" condition-coverage="0% (0/2)">
                  <conditions>
                    <condition number="328" type="jump" coverage="0%" />
                  </conditions>
                </line>
                <line number="96" hits="0" branch="False" />
                <line number="97" hits="0" branch="False" />
                <line number="100" hits="0" branch="True" condition-coverage="0% (0/4)">
                  <conditions>
                    <condition number="358" type="jump" coverage="0%" />
                    <condition number="384" type="jump" coverage="0%" />
                  </conditions>
                </line>
                <line number="101" hits="0" branch="False" />
                <line number="102" hits="0" branch="False" />
                <line number="105" hits="0" branch="True" condition-coverage="0% (0/4)">
                  <conditions>
                    <condition number="415" type="jump" coverage="0%" />
                    <condition number="441" type="jump" coverage="0%" />
                  </conditions>
                </line>
                <line number="106" hits="0" branch="False" />
                <line number="107" hits="0" branch="False" />
                <line number="110" hits="0" branch="False" />
                <line number="112" hits="0" branch="False" />
                <line number="114" hits="0" branch="False" />
                <line number="116" hits="0" branch="False" />
                <line number="117" hits="0" branch="False" />
              </lines>
            </method>
          </methods>
          <lines>
            <line number="83" hits="1" branch="False" />
            <line number="84" hits="1" branch="False" />
            <line number="85" hits="1" branch="True" condition-coverage="50% (1/2)">
              <conditions>
                <condition number="180" type="jump" coverage="50%" />
              </conditions>
            </line>
            <line number="86" hits="0" branch="False" />
            <line number="87" hits="0" branch="False" />
            <line number="90" hits="1" branch="True" condition-coverage="50% (3/6)">
              <conditions>
                <condition number="225" type="jump" coverage="50%" />
                <condition number="265" type="jump" coverage="50%" />
                <condition number="291" type="jump" coverage="50%" />
              </conditions>
            </line>
            <line number="91" hits="1" branch="False" />
            <line number="92" hits="1" branch="False" />
            <line number="95" hits="0" branch="True" condition-coverage="0% (0/2)">
              <conditions>
                <condition number="328" type="jump" coverage="0%" />
              </conditions>
            </line>
            <line number="96" hits="0" branch="False" />
            <line number="97" hits="0" branch="False" />
            <line number="100" hits="0" branch="True" condition-coverage="0% (0/4)">
              <conditions>
                <condition number="358" type="jump" coverage="0%" />
                <condition number="384" type="jump" coverage="0%" />
              </conditions>
            </line>
            <line number="101" hits="0" branch="False" />
            <line number="102" hits="0" branch="False" />
            <line number="105" hits="0" branch="True" condition-coverage="0% (0/4)">
              <conditions>
                <condition number="415" type="jump" coverage="0%" />
                <condition number="441" type="jump" coverage="0%" />
              </conditions>
            </line>
            <line number="106" hits="0" branch="False" />
            <line number="107" hits="0" branch="False" />
            <line number="110" hits="0" branch="False" />
            <line number="112" hits="0" branch="False" />
            <line number="114" hits="0" branch="False" />
            <line number="116" hits="0" branch="False" />
            <line number="117" hits="0" branch="False" />
          </lines>
        </class>
        <class name="WebAPI_TT1._1.Repositories.URepository" filename="WebAPI_TT1.1\Repositories\URepository.cs" line-rate="0" branch-rate="1" complexity="2">
          <methods>
            <method name="AddAsync" signature="(WebAPI_TT1._1.Models.Userss)" line-rate="0" branch-rate="1" complexity="1">
              <lines>
                <line number="17" hits="0" branch="False" />
                <line number="18" hits="0" branch="False" />
                <line number="19" hits="0" branch="False" />
                <line number="20" hits="0" branch="False" />
              </lines>
            </method>
            <method name=".ctor" signature="(WebAPI_TT1._1.Data.AppDBContext)" line-rate="0" branch-rate="1" complexity="1">
              <lines>
                <line number="11" hits="0" branch="False" />
                <line number="12" hits="0" branch="False" />
                <line number="13" hits="0" branch="False" />
                <line number="14" hits="0" branch="False" />
              </lines>
            </method>
          </methods>
          <lines>
            <line number="17" hits="0" branch="False" />
            <line number="18" hits="0" branch="False" />
            <line number="19" hits="0" branch="False" />
            <line number="20" hits="0" branch="False" />
            <line number="11" hits="0" branch="False" />
            <line number="12" hits="0" branch="False" />
            <line number="13" hits="0" branch="False" />
            <line number="14" hits="0" branch="False" />
          </lines>
        </class>
        <class name="WebAPI_TT1._1.Repositories.URepository/&lt;GetAllAsync&gt;d__3" filename="WebAPI_TT1.1\Repositories\URepository.cs" line-rate="0" branch-rate="1" complexity="1">
          <methods>
            <method name="MoveNext" signature="()" line-rate="0" branch-rate="1" complexity="1">
              <lines>
                <line number="23" hits="0" branch="False" />
                <line number="24" hits="0" branch="False" />
                <line number="25" hits="0" branch="False" />
              </lines>
            </method>
          </methods>
          <lines>
            <line number="23" hits="0" branch="False" />
            <line number="24" hits="0" branch="False" />
            <line number="25" hits="0" branch="False" />
          </lines>
        </class>
        <class name="WebAPI_TT1._1.Repositories.URepository/&lt;GetByIdAsync&gt;d__4" filename="WebAPI_TT1.1\Repositories\URepository.cs" line-rate="0" branch-rate="1" complexity="1">
          <methods>
            <method name="MoveNext" signature="()" line-rate="0" branch-rate="1" complexity="1">
              <lines>
                <line number="28" hits="0" branch="False" />
                <line number="29" hits="0" branch="False" />
                <line number="30" hits="0" branch="False" />
              </lines>
            </method>
          </methods>
          <lines>
            <line number="28" hits="0" branch="False" />
            <line number="29" hits="0" branch="False" />
            <line number="30" hits="0" branch="False" />
          </lines>
        </class>
        <class name="WebAPI_TT1._1.Models.Project" filename="WebAPI_TT1.1\Models\Project.cs" line-rate="1" branch-rate="1" complexity="3">
          <methods>
            <method name="get_Id" signature="()" line-rate="1" branch-rate="1" complexity="1">
              <lines>
                <line number="7" hits="2" branch="False" />
              </lines>
            </method>
[...]
                <line number="54" hits="0" branch="False" />
                <line number="55" hits="0" branch="False" />
                <line number="56" hits="0" branch="False" />
                <line number="57" hits="0" branch="False" />
                <line number="58" hits="0" branch="False" />
                <line number="59" hits="0" branch="False" />
              </lines>
            </method>
          </methods>
          <lines>
            <line number="50" hits="0" branch="False" />
            <line number="51" hits="0" branch="False" />
            <line number="52" hits="0" branch="False" />
            <line number="53" hits="0" branch="False" />
            <line number="54" hits="0" branch="False" />
            <line number="55" hits="0" branch="False" />
            <line number="56" hits="0" branch="False" />
            <line number="57" hits="0" branch="False" />
            <line number="58" hits="0" branch="False" />
            <line number="59" hits="0" branch="False" />
          </lines>
        </class>
        <class name="WebAPI_TT1._1.Controllers.ProjectController/&lt;GetAll&gt;d__2" filename="WebAPI_TT1.1\Controllers\ProjectController.cs" line-rate="0" branch-rate="1" complexity="1">
          <methods>
            <method name="MoveNext" signature="()" line-rate="0" branch-rate="1" complexity="1">
              <lines>
                <line number="23" hits="0" branch="False" />
                <line number="24" hits="0" branch="False" />
                <line number="25" hits="0" branch="False" />
                <line number="44" hits="0" branch="False" />
              </lines>
            </method>
          </methods>
          <lines>
            <line number="23" hits="0" branch="False" />
            <line number="24" hits="0" branch="False" />
            <line number="25" hits="0" branch="False" />
            <line number="44" hits="0" branch="False" />
          </lines>
        </class>
        <class name="WebAPI_TT1._1.Controllers.TaskController" filename="WebAPI_TT1.1\Controllers\TaskController.cs" line-rate="0" branch-rate="1" complexity="1">
          <methods>
            <method name=".ctor" signature="(WebAPI_TT1._1.Services.Auth.ITaskService)" line-rate="0" branch-rate="1" complexity="1">
              <lines>
                <line number="20" hits="0" branch="False" />
                <line number="21" hits="0" branch="False" />
                <line number="22" hits="0" branch="False" />
                <line number="23" hits="0" branch="False" />
              </lines>
            </method>
          </methods>
          <lines>
            <line number="20" hits="0" branch="False" />
            <line number="21" hits="0" branch="False" />
            <line number="22" hits="0" branch="False" />
            <line number="23" hits="0" branch="False" />
          </lines>
        </class>
        <class name="WebAPI_TT1._1.Controllers.TaskController/&lt;Assign&gt;d__5" filename="WebAPI_TT1.1\Controllers\TaskController.cs" line-rate="0" branch-rate="1" complexity="1">
          <methods>
            <method name="MoveNext" signature="()" line-rate="0" branch-rate="1" complexity="1">
              <lines>
                <line number="60" hits="0" branch="False" />
                <line number="61" hits="0" branch="False" />
                <line number="62" hits="0" branch="False" />
                <line number="63" hits="0" branch="False" />
                <line number="64" hits="0" branch="False" />
                <line number="65" hits="0" branch="False" />
                <line number="66" hits="0" branch="False" />
                <line number="67" hits="0" branch="False" />
                <line number="68" hits="0" branch="False" />
              </lines>
            </method>
          </methods>
          <lines>
            <line number="60" hits="0" branch="False" />
            <line number="61" hits="0" branch="False" />
            <line number="62" hits="0" branch="False" />
            <line number="63" hits="0" branch="False" />
            <line number="64" hits="0" branch="False" />
            <line number="65" hits="0" branch="False" />
            <line number="66" hits="0" branch="False" />
            <line number="67" hits="0" branch="False" />
            <line number="68" hits="0" branch="False" />
          </lines>
        </class>
        <class name="WebAPI_TT1._1.Controllers.TaskController/&lt;Create&gt;d__4" filename="WebAPI_TT1.1\Controllers\TaskController.cs" line-rate="0" branch-rate="1" complexity="1">
          <methods>
            <method name="MoveNext" signature="()" line-rate="0" branch-rate="1" complexity="1">
              <lines>
                <line number="48" hits="0" branch="False" />
                <line number="49" hits="0" branch="False" />
                <line number="50" hits="0" branch="False" />
                <line number="51" hits="0" branch="False" />
                <line number="52" hits="0" branch="False" />
                <line number="53" hits="0" branch="False" />
                <line number="54" hits="0" branch="False" />
                <line number="55" hits="0" branch="False" />
                <line number="56" hits="0" branch="False" />
              </lines>
            </method>
          </methods>
          <lines>
            <line number="48" hits="0" branch="False" />
            <line number="49" hits="0" branch="False" />
            <line number="50" hits="0" branch="False" />
            <line number="51" hits="0" branch="False" />
            <line number="52" hits="0" branch="False" />
            <line number="53" hits="0" branch="False" />
            <line number="54" hits="0" branch="False" />
            <line number="55" hits="0" branch="False" />
            <line number="56" hits="0" branch="False" />
          </lines>
        </class>
        <class name="WebAPI_TT1._1.Controllers.TaskController/&lt;Delete&gt;d__7" filename="WebAPI_TT1.1\Controllers\TaskController.cs" line-rate="0" branch-rate="1" complexity="1">
          <methods>
            <method name="MoveNext" signature="()" line-rate="0" branch-rate="1" complexity="1">
              <lines>
                <line number="86" hits="0" branch="False" />
                <line number="87" hits="0" branch="False" />
                <line number="88" hits="0" branch="False" />
                <line number="89" hits="0" branch="False" />
                <line number="90" hits="0" branch="False" />
                <line number="91" hits="0" branch="False" />
                <line number="92" hits="0" branch="False" />
                <line number="93" hits="0" branch="False" />
                <line number="94" hits="0" branch="False" />
              </lines>
            </method>
          </methods>
          <lines>
            <line number="86" hits="0" branch="False" />
            <line number="87" hits="0" branch="False" />
            <line number="88" hits="0" branch="False" />
            <line number="89" hits="0" branch="False" />
            <line number="90" hits="0" branch="False" />
            <line number="91" hits="0" branch="False" />
            <line number="92" hits="0" branch="False" />
            <line number="93" hits="0" branch="False" />
            <line number="94" hits="0" branch="False" />
          </lines>
        </class>
        <class name="WebAPI_TT1._1.Controllers.TaskController/&lt;GetAll&gt;d__2" filename="WebAPI_TT1.1\Controllers\TaskController.cs" line-rate="0" branch-rate="1" complexity="1">
          <methods>
            <method name="MoveNext" signature="()" line-rate="0" branch-rate="1" complexity="1">
              <lines>
                <line number="28" hits="0" branch="False" />
                <line number="29" hits="0" branch="False" />
                <line number="30" hits="0" branch="False" />
                <line number="31" hits="0" branch="False" />
              </lines>
            </method>
          </methods>
          <lines>
            <line number="28" hits="0" branch="False" />
            <line number="29" hits="0" branch="False" />
            <line number="30" hits="0" branch="False" />
            <line number="31" hits="0" branch="False" />
          </lines>
        </class>
        <class name="WebAPI_TT1._1.Controllers.TaskController/&lt;GetById&gt;d__3" filename="WebAPI_TT1.1\Controllers\TaskController.cs" line-rate="0" branch-rate="1" complexity="1">
          <methods>
            <method name="MoveNext" signature="()" line-rate="0" branch-rate="1" complexity="1">
              <lines>
                <line number="35" hits="0" branch="False" />
                <line number="36" hits="0" branch="False" />
                <line number="37" hits="0" branch="False" />
                <line number="38" hits="0" branch="False" />
                <line number="39" hits="0" branch="False" />
                <line number="40" hits="0" branch="False" />
                <line number="41" hits="0" branch="False" />
                <line number="42" hits="0" branch="False" />
                <line number="43" hits="0" branch="False" />
              </lines>
            </method>
          </methods>
          <lines>
            <line number="35" hits="0" branch="False" />
            <line number="36" hits="0" branch="False" />
            <line number="37" hits="0" branch="False" />
            <line number="38" hits="0" branch="False" />
            <line number="39" hits="0" branch="False" />
            <line number="40" hits="0" branch="False" />
            <line number="41" hits="0" branch="False" />
            <line number="42" hits="0" branch="False" />
            <line number="43" hits="0" branch="False" />
          </lines>
        </class>
        <class name="WebAPI_TT1._1.Controllers.TaskController/&lt;GetByProjectId&gt;d__8" filename="WebAPI_TT1.1\Controllers\TaskController.cs" line-rate="0" branch-rate="1" complexity="1">
          <methods>
            <method name="MoveNext" signature="()" line-rate="0" branch-rate="1" complexity="1">
              <lines>
                <line number="98" hits="0" branch="False" />
                <line number="99" hits="0" branch="False" />
                <line number="100" hits="0" branch="False" />
                <line number="101" hits="0" branch="False" />
                <line number="102" hits="0" branch="False" />
                <line number="103" hits="0" branch="False" />
                <line number="104" hits="0" branch="False" />
                <line number="105" hits="0" branch="False" />
                <line number="106" hits="0" branch="False" />
              </lines>
            </method>
          </methods>
          <lines>
            <line number="98" hits="0" branch="False" />
            <line number="99" hits="0" branch="False" />
            <line number="100" hits="0" branch="False" />
            <line number="101" hits="0" branch="False" />
            <line number="102" hits="0" branch="False" />
            <line number="103" hits="0" branch="False" />
            <line number="104" hits="0" branch="False" />
            <line number="105" hits="0" branch="False" />
            <line number="106" hits="0" branch="False" />
          </lines>
        </class>
        <class name="WebAPI_TT1._1.Controllers.TaskController/&lt;GetByUser&gt;d__9" filename="WebAPI_TT1.1\Controllers\TaskController.cs" line-rate="0" branch-rate="1" complexity="1">
          <methods>
            <method name="MoveNext" signature="()" line-rate="0" branch-rate="1" complexity="1">
              <lines>
                <line number="110" hits="0" branch="False" />
                <line number="111" hits="0" branch="False" />
                <line number="112" hits="0" branch="False" />
                <line number="113" hits="0" branch="False" />
                <line number="114" hits="0" branch="False" />
                <line number="115" hits="0" branch="False" />
                <line number="116" hits="0" branch="False" />
                <line number="117" hits="0" branch="False" />
                <line number="118" hits="0" branch="False" />
              </lines>
            </method>
          </methods>
          <lines>
            <line number="110" hits="0" branch="False" />
            <line number="111" hits="0" branch="False" />
            <line number="112" hits="0" branch="False" />
            <line number="113" hits="0" branch="False" />
            <line number="114" hits="0" branch="False" />
            <line number="115" hits="0" branch="False" />
            <line number="116" hits="0" branch="False" />
            <line number="117" hits="0" branch="False" />
            <line number="118" hits="0" branch="False" />
          </lines>
        </class>
        <class name="WebAPI_TT1._1.Controllers.TaskController/&lt;UpdateStatus&gt;d__6" filename="WebAPI_TT1.1\Controllers\TaskController.cs" line-rate="0" branch-rate="1" complexity="1">
          <methods>
            <method name="MoveNext" signature="()" line-rate="0" branch-rate="1" complexity="1">
              <lines>
                <line number="72" hits="0" branch="False" />
                <line number="74" hits="0" branch="False" />
                <line number="75" hits="0" branch="False" />
                <line number="76" hits="0" branch="False" />
                <line number="77" hits="0" branch="False" />
                <line number="78" hits="0" branch="False" />
                <line number="79" hits="0" branch="False" />
                <line number="80" hits="0" branch="False" />
                <line number="81" hits="0" branch="False" />
              </lines>
            </method>
          </methods>
          <lines>
            <line number="72" hits="0" branch="False" />
            <line number="74" hits="0" branch="False" />
            <line number="75" hits="0" branch="False" />
            <line number="76" hits="0" branch="False" />
            <line number="77" hits="0" branch="False" />
            <line number="78" hits="0" branch="False" />
            <line number="79" hits="0" branch="False" />
            <line number="80" hits="0" branch="False" />
            <line number="81" hits="0" branch="False" />
          </lines>
        </class>
        <class name="WebAPI_TT1._1.Controllers.UserController" filename="WebAPI_TT1.1\Controllers\UserController.cs" line-rate="0" branch-rate="1" complexity="1">
          <methods>
            <method name=".ctor" signature="(WebAPI_TT1._1.Services.IUserService)" line-rate="0" branch-rate="1" complexity="1">
              <lines>
                <line number="14" hits="0" branch="False" />
                <line number="15" hits="0" branch="False" />
                <line number="16" hits="0" branch="False" />
                <line number="17" hits="0" branch="False" />
              </lines>
            </method>
          </methods>
          <lines>
            <line number="14" hits="0" branch="False" />
            <line number="15" hits="0" branch="False" />
            <line number="16" hits="0" branch="False" />
            <line number="17" hits="0" branch="False" />
          </lines>
        </class>
        <class name="WebAPI_TT1._1.Controllers.UserController/&lt;Create&gt;d__3" filename="WebAPI_TT1.1\Controllers\UserController.cs" line-rate="0" branch-rate="1" complexity="1">
          <methods>
            <method name="MoveNext" signature="()" line-rate="0" branch-rate="1" complexity="1">
              <lines>
                <line number="25" hits="0" branch="False" />
                <line number="26" hits="0" branch="False" />
                <line number="27" hits="0" branch="False" />
                <line number="28" hits="0" branch="False" />
              </lines>
            </method>
          </methods>
          <lines>
            <line number="25" hits="0" branch="False" />
            <line number="26" hits="0" branch="False" />
            <line number="27" hits="0" branch="False" />
            <line number="28" hits="0" branch="False" />
          </lines>
        </class>
        <class name="WebAPI_TT1._1.Controllers.UserController/&lt;GetAll&gt;d__2" filename="WebAPI_TT1.1\Controllers\UserController.cs" line-rate="0" branch-rate="1" complexity="1">
          <methods>
            <method name="MoveNext" signature="()" line-rate="0" branch-rate="1" complexity="1">
              <lines>
                <line number="20" hits="0" branch="False" />
                <line number="21" hits="0" branch="False" />
                <line number="22" hits="0" branch="False" />
              </lines>
            </method>
          </methods>
          <lines>
            <line number="20" hits="0" branch="False" />
            <line number="21" hits="0" branch="False" />
            <line number="22" hits="0" branch="False" />
          </lines>
        </class>
        <class name="WebAPI_TT1._1.Controllers.WeatherForecastController" filename="WebAPI_TT1.1\Controllers\WeatherForecastController.cs" line-rate="0" branch-rate="1" complexity="3">
          <methods>
            <method name="Get" signature="()" line-rate="0" branch-rate="1" complexity="1">
              <lines>
                <line number="23" hits="0" branch="False" />
                <line number="24" hits="0" branch="False" />
                <line number="25" hits="0" branch="False" />
                <line number="26" hits="0" branch="False" />
                <line number="27" hits="0" branch="False" />
                <line number="28" hits="0" branch="False" />
                <line number="29" hits="0" branch="False" />
                <line number="30" hits="0" branch="False" />
                <line number="31" hits="0" branch="False" />
              </lines>
            </method>
            <method name=".ctor" signature="(Microsoft.Extensions.Logging.ILogger`1&lt;WebAPI_TT1._1.Controllers.WeatherForecastController&gt;)" line-rate="0" branch-rate="1" complexity="1">
              <lines>
                <line number="16" hits="0" branch="False" />
                <line number="17" hits="0" branch="False" />
                <line number="18" hits="0" branch="False" />
                <line number="19" hits="0" branch="False" />
              </lines>
            </method>
            <method name=".cctor" signature="()" line-rate="0" branch-rate="1" complexity="1">
              <lines>
                <line number="9" hits="0" branch="False" />
                <line number="10" hits="0" branch="False" />
                <line number="11" hits="0" branch="False" />
                <line number="12" hits="0" branch="False" />
              </lines>
            </method>
          </methods>
          <lines>
            <line number="23" hits="0" branch="False" />
            <line number="24" hits="0" branch="False" />
            <line number="25" hits="0" branch="False" />
            <line number="26" hits="0" branch="False" />
            <line number="27" hits="0" branch="False" />
            <line number="28" hits="0" branch="False" />
            <line number="29" hits="0" branch="False" />
            <line number="30" hits="0" branch="False" />
            <line number="31" hits="0" branch="False" />
            <line number="16" hits="0" branch="False" />
            <line number="17" hits="0" branch="False" />
            <line number="18" hits="0" branch="False" />
            <line number="19" hits="0" branch="False" />
            <line number="9" hits="0" branch="False" />
            <line number="10" hits="0" branch="False" />
            <line number="11" hits="0" branch="False" />
            <line number="12" hits="0" branch="False" />
          </lines>
        </class>
      </classes>
    </package>
  </packages>
</coverage>